array (
  'gmt_create' => '2020-05-16 00:58:04',
  'charset' => 'UTF-8',
  'gmt_payment' => '2020-05-16 00:58:16',
  'notify_time' => '2020-05-16 00:58:17',
  'subject' => 'VIP购买',
  'sign' => 'Ne7lgzjEqyOUTM0Zm/2iqV3FWbjHvuQdMObkNERoxLUg0Yy/wLnVRN30CeUPOpiaLa2/jeZGj9ylp/DiFQfg5XnE74CLh1dgmz8lEpoSdf8VidyyOh04mzT/PfIsF8Ox0yQY+0VC3kbc4fbqw95CDEX9Lwy098cBO8puuqJ6w5YUHDBhM0o0CIf26uDk6ySYhVkgPfBeBhdLYlFKr0SJW9TQzqaoviIP5FhJbRk284PSh0jjQoJBheVhDJi73vSWcf8YZ4ntfnSBWhHcR7y5AR3K8/0Ypa4L215taH5LwFZQbgBRPr6SuK8KO0pbkrkM4szhn6wdcDRG9cIW52BdHw==',
  'buyer_id' => '2088102178098040',
  'invoice_amount' => '260.00',
  'version' => '1.0',
  'notify_id' => '2020051600222005817098040504326810',
  'fund_bill_list' => '[{"amount":"260.00","fundChannel":"ALIPAYACCOUNT"}]',
  'notify_type' => 'trade_status_sync',
  'out_trade_no' => 'YJVIP20200516005722597058809',
  'total_amount' => '260.00',
  'trade_status' => 'TRADE_SUCCESS',
  'trade_no' => '2020051622001498040500587408',
  'auth_app_id' => '2016100100638089',
  'receipt_amount' => '260.00',
  'point_amount' => '0.00',
  'app_id' => '2016100100638089',
  'buyer_pay_amount' => '260.00',
  'sign_type' => 'RSA2',
  'seller_id' => '2088102178077971',
  's' => '/notify/alipay',
)array (
  'gmt_create' => '2020-05-16 01:01:16',
  'charset' => 'UTF-8',
  'gmt_payment' => '2020-05-16 01:01:29',
  'notify_time' => '2020-05-16 01:01:30',
  'subject' => 'VIP购买',
  'sign' => 'QwlXIIPsxeN+ZO3ej04CdlMAUemXx3Oi/nuR/L/8vrkDQLX6mxLNeKcWTWcPX0om4a1AruHdYZxb5EccVx70+G8qglHmrY1ZgWVL1oZ5Bumbu8xu9EEnqpD4o7cGusYSL3WHICHrHygvvWXfX7GshK+l1bzQ/OqewwwlFdrf7e/uXDpYilcLQ6wuWx8TBT2YPBQY12k1nhyORujowvj3y8uBHnXfKxJX5NVGzoOm7ppNFedPWLEMVO8Ok6pqq0xGZFCCkm+4K/tASrKS6eoAe3zQOiIOdXIJ91t8+vC0hHJJZ1vcBnoYKhmsHZo3bg32HdhaLu/O3wqPb0PZ0LKnww==',
  'buyer_id' => '2088102178098040',
  'invoice_amount' => '911.00',
  'version' => '1.0',
  'notify_id' => '2020051600222010129098040504322776',
  'fund_bill_list' => '[{"amount":"911.00","fundChannel":"ALIPAYACCOUNT"}]',
  'notify_type' => 'trade_status_sync',
  'out_trade_no' => 'YJVIP20200516010033795428809',
  'total_amount' => '911.00',
  'trade_status' => 'TRADE_SUCCESS',
  'trade_no' => '2020051622001498040500587556',
  'auth_app_id' => '2016100100638089',
  'receipt_amount' => '911.00',
  'point_amount' => '0.00',
  'app_id' => '2016100100638089',
  'buyer_pay_amount' => '911.00',
  'sign_type' => 'RSA2',
  'seller_id' => '2088102178077971',
  's' => '/notify/alipay',
)array (
  'gmt_create' => '2020-05-16 01:03:52',
  'charset' => 'UTF-8',
  'gmt_payment' => '2020-05-16 01:04:04',
  'notify_time' => '2020-05-16 01:04:05',
  'subject' => 'VIP购买',
  'sign' => 'C8c1f4W4gEnFVNdTBebgihHHTi7UhIDc5pPBO0kZuDwTTZ67NDsYuvNJR7fxDnDN/mon8RjU5Dj/5U0S+MyXb8CDXG7DdbYQ/008YtoUCidqygP7wP7Vsmrnp5ACRiNouc0Dz8xPY6tLhzJDCR2YSDCjhZzXwLlHCLdZ2rvGrWUpP/cCTJHzXKMb1x4WeuZ+yLIqeewdUsmjxayokrvHVF0QXtdq2bfPbltKqtppNexGQzkb98tYdxSvCO46Mcu1tvZyP13bnaY6ccAk60ZH1fQ0Z632VsWPNeiBV2d0+JyFh/veLGvl/2evF2+UsdS0lU1cXT0dOFA6twwSTo5Dqw==',
  'buyer_id' => '2088102178098040',
  'invoice_amount' => '911.00',
  'version' => '1.0',
  'notify_id' => '2020051600222010404098040504325397',
  'fund_bill_list' => '[{"amount":"911.00","fundChannel":"ALIPAYACCOUNT"}]',
  'notify_type' => 'trade_status_sync',
  'out_trade_no' => 'YJVIP20200516010308572404809',
  'total_amount' => '911.00',
  'trade_status' => 'TRADE_SUCCESS',
  'trade_no' => '2020051622001498040500587409',
  'auth_app_id' => '2016100100638089',
  'receipt_amount' => '911.00',
  'point_amount' => '0.00',
  'app_id' => '2016100100638089',
  'buyer_pay_amount' => '911.00',
  'sign_type' => 'RSA2',
  'seller_id' => '2088102178077971',
  's' => '/notify/alipay',
)array (
  'gmt_create' => '2020-05-16 01:11:30',
  'charset' => 'UTF-8',
  'gmt_payment' => '2020-05-16 01:11:44',
  'notify_time' => '2020-05-16 01:11:45',
  'subject' => 'VIP购买',
  'sign' => 'aeztKf46t/4BtY2mABZgcdUtBy1dPDX0/oVugSgRtaUm3fnleXmFMJVgEkxqjpo0h5+3StdrL1sS2CW13Mc471SlFEQiNBRK179hfoVleY02/ShY4IcQfSmOrVT6BtRgIVhPLzLVxDS2NKYAYBLHuOqNCKu0mtk0v254BpMq3IxgDr38v5OpMycFL1H7G7adf+20dwLQvSvMoGeJH3YJUDsak4vwUDgvBeKG2xpS9oJ70BzqqueFfOCM2yYB3qRe8LHdqtmqLEbWLB79A2s477+b94/rLrDm1MxhwYgwSM3mAr3N3bcDDM5qIz6iltYd5bpzEK3yBcXtZr4Udv86zA==',
  'buyer_id' => '2088102178098040',
  'invoice_amount' => '911.00',
  'version' => '1.0',
  'notify_id' => '2020051600222011144098040504326811',
  'fund_bill_list' => '[{"amount":"911.00","fundChannel":"ALIPAYACCOUNT"}]',
  'notify_type' => 'trade_status_sync',
  'out_trade_no' => 'YJVIP20200516011049666573809',
  'total_amount' => '911.00',
  'trade_status' => 'TRADE_SUCCESS',
  'trade_no' => '2020051622001498040500587053',
  'auth_app_id' => '2016100100638089',
  'receipt_amount' => '911.00',
  'point_amount' => '0.00',
  'app_id' => '2016100100638089',
  'buyer_pay_amount' => '911.00',
  'sign_type' => 'RSA2',
  'seller_id' => '2088102178077971',
  's' => '/notify/alipay',
)array (
  'gmt_create' => '2020-05-16 12:45:45',
  'charset' => 'UTF-8',
  'gmt_payment' => '2020-05-16 12:45:58',
  'notify_time' => '2020-05-16 12:46:00',
  'subject' => 'VIP购买',
  'sign' => 'DzhbwhDCa61/y2d14h9CjXw4j7Nc6S3GxdZhUhU/MNWLvzot1zJG3uve2ZcLppdDr9lR//Tac1PjoY8FuPY/PHHi7l4mdhp3S64QXpv7xZ/LkzUYPfxnrhr2lomOle4aT2rd+23xeip20YPfsIR6GkyMX1Td5SGYu6O9Ucz0IyevkiQQKT0nRWPmA+M7P+A3D12Sd/IPX6v20fDKQQVkZ/CfM8PknSMuUCtv5VWbdIF4+wAChzkWrGHWyY16VcOHctuQlAQI4m9dHi+He+RQIRj+0p8KppWBBBpymH+fQ0kk01bzJUd/0vMXZDKQxR61bhk7gd2DmgNPQ+6EvOrfYw==',
  'buyer_id' => '2088102178098040',
  'invoice_amount' => '288.00',
  'version' => '1.0',
  'notify_id' => '2020051600222124559098040504326814',
  'fund_bill_list' => '[{"amount":"288.00","fundChannel":"ALIPAYACCOUNT"}]',
  'notify_type' => 'trade_status_sync',
  'out_trade_no' => 'YJVIP20200516124447163065853',
  'total_amount' => '288.00',
  'trade_status' => 'TRADE_SUCCESS',
  'trade_no' => '2020051622001498040500587056',
  'auth_app_id' => '2016100100638089',
  'receipt_amount' => '288.00',
  'point_amount' => '0.00',
  'app_id' => '2016100100638089',
  'buyer_pay_amount' => '288.00',
  'sign_type' => 'RSA2',
  'seller_id' => '2088102178077971',
  's' => '/notify/alipay',
)